{"D:\\frontend\\modsen\\modsen-art-museum\\src\\components\\Footer\\Footer.tsx": {"path":"D:\\frontend\\modsen\\modsen-art-museum\\src\\components\\Footer\\Footer.tsx","statementMap":{"0":{"start":{"line":1,"column":0},"end":{"line":1,"column":23}},"1":{"start":{"line":3,"column":0},"end":{"line":3,"column":37}},"2":{"start":{"line":4,"column":0},"end":{"line":4,"column":41}},"3":{"start":{"line":6,"column":25},"end":{"line":19,"column":null}},"4":{"start":{"line":7,"column":1},"end":{"line":18,"column":null}},"5":{"start":{"line":22,"column":0},"end":{"line":22,"column":22}}},"fnMap":{"0":{"name":"(anonymous_1)","decl":{"start":{"line":6,"column":25},"end":{"line":6,"column":28}},"loc":{"start":{"line":7,"column":1},"end":{"line":18,"column":null}}}},"branchMap":{},"s":{"0":1,"1":1,"2":1,"3":1,"4":1,"5":1},"f":{"0":1},"b":{}}
,"D:\\frontend\\modsen\\modsen-art-museum\\src\\components\\Gallery\\Gallery.tsx": {"path":"D:\\frontend\\modsen\\modsen-art-museum\\src\\components\\Gallery\\Gallery.tsx","statementMap":{"0":{"start":{"line":1,"column":0},"end":{"line":1,"column":24}},"1":{"start":{"line":2,"column":0},"end":{"line":2,"column":42}},"2":{"start":{"line":3,"column":0},"end":{"line":3,"column":42}},"3":{"start":{"line":4,"column":0},"end":{"line":4,"column":54}},"4":{"start":{"line":5,"column":0},"end":{"line":5,"column":66}},"5":{"start":{"line":6,"column":0},"end":{"line":6,"column":63}},"6":{"start":{"line":10,"column":26},"end":{"line":39,"column":1}},"7":{"start":{"line":11,"column":40},"end":{"line":11,"column":75}},"8":{"start":{"line":13,"column":4},"end":{"line":38,"column":6}},"9":{"start":{"line":22,"column":24},"end":{"line":22,"column":49}},"10":{"start":{"line":31,"column":28},"end":{"line":31,"column":65}},"11":{"start":{"line":41,"column":0},"end":{"line":41,"column":23}}},"fnMap":{"0":{"name":"(anonymous_1)","decl":{"start":{"line":10,"column":26},"end":{"line":10,"column":29}},"loc":{"start":{"line":10,"column":31},"end":{"line":39,"column":1}}},"1":{"name":"(anonymous_2)","decl":{"start":{"line":21,"column":49},"end":{"line":21,"column":50}},"loc":{"start":{"line":22,"column":24},"end":{"line":22,"column":49}}},"2":{"name":"(anonymous_3)","decl":{"start":{"line":30,"column":35},"end":{"line":30,"column":36}},"loc":{"start":{"line":31,"column":28},"end":{"line":31,"column":65}}}},"branchMap":{"0":{"loc":{"start":{"line":19,"column":13},"end":{"line":35,"column":null}},"type":"cond-expr","locations":[{"start":{"line":20,"column":16},"end":{"line":23,"column":null}},{"start":{"line":25,"column":16},"end":{"line":35,"column":null}}]},"1":{"loc":{"start":{"line":25,"column":16},"end":{"line":35,"column":null}},"type":"cond-expr","locations":[{"start":{"line":26,"column":16},"end":{"line":26,"column":81}},{"start":{"line":28,"column":16},"end":{"line":34,"column":null}}]},"2":{"loc":{"start":{"line":25,"column":16},"end":{"line":25,"column":44}},"type":"binary-expr","locations":[{"start":{"line":25,"column":16},"end":{"line":25,"column":22}},{"start":{"line":25,"column":26},"end":{"line":25,"column":44}}]}},"s":{"0":1,"1":1,"2":1,"3":1,"4":1,"5":1,"6":1,"7":2,"8":2,"9":0,"10":2,"11":1},"f":{"0":2,"1":0,"2":2},"b":{"0":[0,2],"1":[1,1],"2":[2,2]}}
,"D:\\frontend\\modsen\\modsen-art-museum\\src\\components\\Header\\Header.tsx": {"path":"D:\\frontend\\modsen\\modsen-art-museum\\src\\components\\Header\\Header.tsx","statementMap":{"0":{"start":{"line":1,"column":0},"end":{"line":1,"column":23}},"1":{"start":{"line":3,"column":0},"end":{"line":3,"column":37}},"2":{"start":{"line":4,"column":0},"end":{"line":4,"column":52}},"3":{"start":{"line":5,"column":0},"end":{"line":5,"column":37}},"4":{"start":{"line":6,"column":0},"end":{"line":6,"column":53}},"5":{"start":{"line":8,"column":25},"end":{"line":43,"column":1}},"6":{"start":{"line":9,"column":18},"end":{"line":9,"column":31}},"7":{"start":{"line":11,"column":1},"end":{"line":42,"column":3}},"8":{"start":{"line":45,"column":0},"end":{"line":45,"column":22}}},"fnMap":{"0":{"name":"(anonymous_1)","decl":{"start":{"line":8,"column":25},"end":{"line":8,"column":28}},"loc":{"start":{"line":8,"column":30},"end":{"line":43,"column":1}}}},"branchMap":{"0":{"loc":{"start":{"line":21,"column":6},"end":{"line":37,"column":null}},"type":"cond-expr","locations":[{"start":{"line":22,"column":6},"end":{"line":23,"column":null}},{"start":{"line":27,"column":6},"end":{"line":36,"column":null}}]}},"s":{"0":1,"1":1,"2":1,"3":1,"4":1,"5":1,"6":3,"7":3,"8":1},"f":{"0":3},"b":{"0":[2,1]}}
,"D:\\frontend\\modsen\\modsen-art-museum\\src\\components\\OtherWorks\\OtherWorks.tsx": {"path":"D:\\frontend\\modsen\\modsen-art-museum\\src\\components\\OtherWorks\\OtherWorks.tsx","statementMap":{"0":{"start":{"line":1,"column":0},"end":{"line":1,"column":27}},"1":{"start":{"line":2,"column":0},"end":{"line":2,"column":51}},"2":{"start":{"line":3,"column":0},"end":{"line":3,"column":71}},"3":{"start":{"line":4,"column":0},"end":{"line":4,"column":60}},"4":{"start":{"line":5,"column":0},"end":{"line":5,"column":72}},"5":{"start":{"line":8,"column":29},"end":{"line":48,"column":1}},"6":{"start":{"line":9,"column":30},"end":{"line":9,"column":59}},"7":{"start":{"line":10,"column":38},"end":{"line":10,"column":52}},"8":{"start":{"line":12,"column":4},"end":{"line":25,"column":11}},"9":{"start":{"line":13,"column":27},"end":{"line":23,"column":9}},"10":{"start":{"line":14,"column":12},"end":{"line":22,"column":13}},"11":{"start":{"line":15,"column":37},"end":{"line":15,"column":92}},"12":{"start":{"line":16,"column":16},"end":{"line":19,"column":17}},"13":{"start":{"line":17,"column":20},"end":{"line":17,"column":43}},"14":{"start":{"line":18,"column":20},"end":{"line":18,"column":40}},"15":{"start":{"line":21,"column":16},"end":{"line":21,"column":33}},"16":{"start":{"line":24,"column":8},"end":{"line":24,"column":21}},"17":{"start":{"line":27,"column":4},"end":{"line":47,"column":6}},"18":{"start":{"line":36,"column":24},"end":{"line":36,"column":51}},"19":{"start":{"line":42,"column":24},"end":{"line":42,"column":63}},"20":{"start":{"line":50,"column":0},"end":{"line":50,"column":26}}},"fnMap":{"0":{"name":"(anonymous_1)","decl":{"start":{"line":8,"column":29},"end":{"line":8,"column":32}},"loc":{"start":{"line":8,"column":34},"end":{"line":48,"column":1}}},"1":{"name":"(anonymous_2)","decl":{"start":{"line":12,"column":14},"end":{"line":12,"column":17}},"loc":{"start":{"line":12,"column":19},"end":{"line":25,"column":5}}},"2":{"name":"(anonymous_3)","decl":{"start":{"line":13,"column":27},"end":{"line":13,"column":32}},"loc":{"start":{"line":13,"column":38},"end":{"line":23,"column":9}}},"3":{"name":"(anonymous_4)","decl":{"start":{"line":35,"column":45},"end":{"line":35,"column":46}},"loc":{"start":{"line":36,"column":24},"end":{"line":36,"column":51}}},"4":{"name":"(anonymous_5)","decl":{"start":{"line":41,"column":40},"end":{"line":41,"column":41}},"loc":{"start":{"line":42,"column":24},"end":{"line":42,"column":63}}}},"branchMap":{"0":{"loc":{"start":{"line":16,"column":16},"end":{"line":19,"column":17}},"type":"if","locations":[{"start":{"line":16,"column":16},"end":{"line":19,"column":17}}]},"1":{"loc":{"start":{"line":33,"column":13},"end":{"line":44,"column":null}},"type":"cond-expr","locations":[{"start":{"line":34,"column":16},"end":{"line":37,"column":null}},{"start":{"line":40,"column":16},"end":{"line":43,"column":null}}]},"2":{"loc":{"start":{"line":41,"column":21},"end":{"line":43,"column":22}},"type":"binary-expr","locations":[{"start":{"line":41,"column":21},"end":{"line":41,"column":26}},{"start":{"line":41,"column":30},"end":{"line":43,"column":22}}]}},"s":{"0":1,"1":1,"2":1,"3":1,"4":1,"5":1,"6":3,"7":2,"8":2,"9":2,"10":2,"11":2,"12":1,"13":1,"14":1,"15":1,"16":2,"17":2,"18":18,"19":0,"20":1},"f":{"0":3,"1":2,"2":2,"3":18,"4":0},"b":{"0":[1],"1":[2,0],"2":[0,0]}}
,"D:\\frontend\\modsen\\modsen-art-museum\\src\\components\\SearchSection\\SearchSection.tsx": {"path":"D:\\frontend\\modsen\\modsen-art-museum\\src\\components\\SearchSection\\SearchSection.tsx","statementMap":{"0":{"start":{"line":1,"column":0},"end":{"line":1,"column":30}},"1":{"start":{"line":3,"column":0},"end":{"line":3,"column":66}},"2":{"start":{"line":4,"column":0},"end":{"line":4,"column":47}},"3":{"start":{"line":6,"column":32},"end":{"line":31,"column":1}},"4":{"start":{"line":7,"column":24},"end":{"line":10,"column":3}},"5":{"start":{"line":12,"column":27},"end":{"line":15,"column":3}},"6":{"start":{"line":17,"column":1},"end":{"line":30,"column":3}},"7":{"start":{"line":33,"column":0},"end":{"line":33,"column":29}}},"fnMap":{"0":{"name":"(anonymous_1)","decl":{"start":{"line":6,"column":32},"end":{"line":6,"column":35}},"loc":{"start":{"line":6,"column":37},"end":{"line":31,"column":1}}}},"branchMap":{},"s":{"0":1,"1":1,"2":1,"3":1,"4":1,"5":1,"6":1,"7":1},"f":{"0":1},"b":{}}
,"D:\\frontend\\modsen\\modsen-art-museum\\src\\components\\UI\\ButtonFavorite\\ButtonFavorite.tsx": {"path":"D:\\frontend\\modsen\\modsen-art-museum\\src\\components\\UI\\ButtonFavorite\\ButtonFavorite.tsx","statementMap":{"0":{"start":{"line":1,"column":0},"end":{"line":1,"column":30}},"1":{"start":{"line":2,"column":0},"end":{"line":2,"column":51}},"2":{"start":{"line":3,"column":0},"end":{"line":3,"column":57}},"3":{"start":{"line":5,"column":0},"end":{"line":5,"column":46}},"4":{"start":{"line":12,"column":54},"end":{"line":43,"column":1}},"5":{"start":{"line":13,"column":40},"end":{"line":13,"column":55}},"6":{"start":{"line":15,"column":4},"end":{"line":18,"column":11}},"7":{"start":{"line":16,"column":26},"end":{"line":16,"column":81}},"8":{"start":{"line":17,"column":8},"end":{"line":17,"column":75}},"9":{"start":{"line":17,"column":53},"end":{"line":17,"column":72}},"10":{"start":{"line":20,"column":27},"end":{"line":33,"column":5}},"11":{"start":{"line":21,"column":8},"end":{"line":21,"column":28}},"12":{"start":{"line":22,"column":24},"end":{"line":22,"column":79}},"13":{"start":{"line":23,"column":8},"end":{"line":27,"column":9}},"14":{"start":{"line":24,"column":12},"end":{"line":24,"column":78}},"15":{"start":{"line":24,"column":57},"end":{"line":24,"column":76}},"16":{"start":{"line":26,"column":12},"end":{"line":26,"column":39}},"17":{"start":{"line":28,"column":8},"end":{"line":28,"column":71}},"18":{"start":{"line":29,"column":8},"end":{"line":29,"column":35}},"19":{"start":{"line":30,"column":8},"end":{"line":32,"column":9}},"20":{"start":{"line":31,"column":12},"end":{"line":31,"column":null}},"21":{"start":{"line":35,"column":4},"end":{"line":42,"column":6}},"22":{"start":{"line":45,"column":0},"end":{"line":45,"column":30}}},"fnMap":{"0":{"name":"(anonymous_1)","decl":{"start":{"line":12,"column":54},"end":{"line":12,"column":55}},"loc":{"start":{"line":12,"column":85},"end":{"line":43,"column":1}}},"1":{"name":"(anonymous_2)","decl":{"start":{"line":15,"column":14},"end":{"line":15,"column":17}},"loc":{"start":{"line":15,"column":19},"end":{"line":18,"column":5}}},"2":{"name":"(anonymous_3)","decl":{"start":{"line":17,"column":37},"end":{"line":17,"column":38}},"loc":{"start":{"line":17,"column":53},"end":{"line":17,"column":72}}},"3":{"name":"(anonymous_4)","decl":{"start":{"line":20,"column":27},"end":{"line":20,"column":28}},"loc":{"start":{"line":20,"column":82},"end":{"line":33,"column":5}}},"4":{"name":"(anonymous_5)","decl":{"start":{"line":24,"column":41},"end":{"line":24,"column":42}},"loc":{"start":{"line":24,"column":57},"end":{"line":24,"column":76}}}},"branchMap":{"0":{"loc":{"start":{"line":16,"column":37},"end":{"line":16,"column":80}},"type":"binary-expr","locations":[{"start":{"line":16,"column":37},"end":{"line":16,"column":72}},{"start":{"line":16,"column":76},"end":{"line":16,"column":80}}]},"1":{"loc":{"start":{"line":22,"column":35},"end":{"line":22,"column":78}},"type":"binary-expr","locations":[{"start":{"line":22,"column":35},"end":{"line":22,"column":70}},{"start":{"line":22,"column":74},"end":{"line":22,"column":78}}]},"2":{"loc":{"start":{"line":23,"column":8},"end":{"line":27,"column":9}},"type":"if","locations":[{"start":{"line":23,"column":8},"end":{"line":27,"column":9}},{"start":{"line":25,"column":15},"end":{"line":27,"column":9}}]},"3":{"loc":{"start":{"line":30,"column":8},"end":{"line":32,"column":9}},"type":"if","locations":[{"start":{"line":30,"column":8},"end":{"line":32,"column":9}}]},"4":{"loc":{"start":{"line":37,"column":23},"end":{"line":37,"column":70}},"type":"cond-expr","locations":[{"start":{"line":37,"column":36},"end":{"line":37,"column":59}},{"start":{"line":37,"column":62},"end":{"line":37,"column":70}}]}},"s":{"0":4,"1":4,"2":4,"3":4,"4":4,"5":9,"6":9,"7":5,"8":5,"9":1,"10":9,"11":2,"12":2,"13":2,"14":1,"15":1,"16":1,"17":2,"18":2,"19":2,"20":2,"21":9,"22":4},"f":{"0":9,"1":5,"2":1,"3":2,"4":1},"b":{"0":[5,4],"1":[2,1],"2":[1,1],"3":[2],"4":[3,6]}}
,"D:\\frontend\\modsen\\modsen-art-museum\\src\\components\\UI\\CardBig\\CardBig.tsx": {"path":"D:\\frontend\\modsen\\modsen-art-museum\\src\\components\\UI\\CardBig\\CardBig.tsx","statementMap":{"0":{"start":{"line":1,"column":0},"end":{"line":1,"column":24}},"1":{"start":{"line":3,"column":0},"end":{"line":3,"column":47}},"2":{"start":{"line":5,"column":0},"end":{"line":5,"column":62}},"3":{"start":{"line":11,"column":40},"end":{"line":35,"column":1}},"4":{"start":{"line":12,"column":64},"end":{"line":12,"column":68}},"5":{"start":{"line":13,"column":21},"end":{"line":13,"column":34}},"6":{"start":{"line":15,"column":4},"end":{"line":34,"column":6}},"7":{"start":{"line":17,"column":12},"end":{"line":17,"column":71}},"8":{"start":{"line":18,"column":12},"end":{"line":18,"column":36}},"9":{"start":{"line":37,"column":0},"end":{"line":37,"column":23}}},"fnMap":{"0":{"name":"(anonymous_1)","decl":{"start":{"line":11,"column":40},"end":{"line":11,"column":41}},"loc":{"start":{"line":11,"column":53},"end":{"line":35,"column":1}}},"1":{"name":"(anonymous_2)","decl":{"start":{"line":16,"column":43},"end":{"line":16,"column":46}},"loc":{"start":{"line":16,"column":48},"end":{"line":19,"column":9}}}},"branchMap":{"0":{"loc":{"start":{"line":28,"column":49},"end":{"line":28,"column":104}},"type":"cond-expr","locations":[{"start":{"line":28,"column":73},"end":{"line":28,"column":89}},{"start":{"line":28,"column":92},"end":{"line":28,"column":104}}]},"1":{"loc":{"start":{"line":29,"column":47},"end":{"line":29,"column":89}},"type":"cond-expr","locations":[{"start":{"line":29,"column":66},"end":{"line":29,"column":74}},{"start":{"line":29,"column":77},"end":{"line":29,"column":89}}]}},"s":{"0":1,"1":1,"2":1,"3":1,"4":2,"5":2,"6":2,"7":0,"8":0,"9":1},"f":{"0":2,"1":0},"b":{"0":[0,2],"1":[2,0]}}
,"D:\\frontend\\modsen\\modsen-art-museum\\src\\components\\UI\\CardBig\\CardBigLoader.tsx": {"path":"D:\\frontend\\modsen\\modsen-art-museum\\src\\components\\UI\\CardBig\\CardBigLoader.tsx","statementMap":{"0":{"start":{"line":1,"column":0},"end":{"line":1,"column":23}},"1":{"start":{"line":4,"column":32},"end":{"line":10,"column":1}},"2":{"start":{"line":5,"column":1},"end":{"line":9,"column":3}},"3":{"start":{"line":12,"column":0},"end":{"line":12,"column":29}}},"fnMap":{"0":{"name":"(anonymous_0)","decl":{"start":{"line":4,"column":32},"end":{"line":4,"column":35}},"loc":{"start":{"line":4,"column":37},"end":{"line":10,"column":1}}}},"branchMap":{},"s":{"0":1,"1":1,"2":0,"3":1},"f":{"0":0},"b":{}}
,"D:\\frontend\\modsen\\modsen-art-museum\\src\\components\\UI\\CardSmall\\CardSmall.tsx": {"path":"D:\\frontend\\modsen\\modsen-art-museum\\src\\components\\UI\\CardSmall\\CardSmall.tsx","statementMap":{"0":{"start":{"line":1,"column":0},"end":{"line":1,"column":26}},"1":{"start":{"line":3,"column":0},"end":{"line":3,"column":47}},"2":{"start":{"line":5,"column":0},"end":{"line":5,"column":75}},"3":{"start":{"line":12,"column":44},"end":{"line":43,"column":1}},"4":{"start":{"line":13,"column":61},"end":{"line":13,"column":65}},"5":{"start":{"line":14,"column":18},"end":{"line":14,"column":31}},"6":{"start":{"line":16,"column":1},"end":{"line":42,"column":3}},"7":{"start":{"line":20,"column":4},"end":{"line":20,"column":63}},"8":{"start":{"line":21,"column":4},"end":{"line":21,"column":29}},"9":{"start":{"line":45,"column":0},"end":{"line":45,"column":25}}},"fnMap":{"0":{"name":"(anonymous_1)","decl":{"start":{"line":12,"column":44},"end":{"line":12,"column":45}},"loc":{"start":{"line":12,"column":74},"end":{"line":43,"column":1}}},"1":{"name":"(anonymous_2)","decl":{"start":{"line":19,"column":12},"end":{"line":19,"column":15}},"loc":{"start":{"line":19,"column":17},"end":{"line":22,"column":4}}}},"branchMap":{"0":{"loc":{"start":{"line":33,"column":7},"end":{"line":33,"column":62}},"type":"cond-expr","locations":[{"start":{"line":33,"column":31},"end":{"line":33,"column":47}},{"start":{"line":33,"column":50},"end":{"line":33,"column":62}}]},"1":{"loc":{"start":{"line":36,"column":7},"end":{"line":36,"column":49}},"type":"cond-expr","locations":[{"start":{"line":36,"column":26},"end":{"line":36,"column":34}},{"start":{"line":36,"column":37},"end":{"line":36,"column":49}}]}},"s":{"0":1,"1":1,"2":1,"3":1,"4":0,"5":0,"6":0,"7":0,"8":0,"9":1},"f":{"0":0,"1":0},"b":{"0":[0,0],"1":[0,0]}}
,"D:\\frontend\\modsen\\modsen-art-museum\\src\\components\\UI\\CardSmall\\CardSmallLoader.tsx": {"path":"D:\\frontend\\modsen\\modsen-art-museum\\src\\components\\UI\\CardSmall\\CardSmallLoader.tsx","statementMap":{"0":{"start":{"line":1,"column":0},"end":{"line":1,"column":25}},"1":{"start":{"line":4,"column":34},"end":{"line":9,"column":1}},"2":{"start":{"line":5,"column":1},"end":{"line":8,"column":3}},"3":{"start":{"line":11,"column":0},"end":{"line":11,"column":31}}},"fnMap":{"0":{"name":"(anonymous_0)","decl":{"start":{"line":4,"column":34},"end":{"line":4,"column":37}},"loc":{"start":{"line":4,"column":39},"end":{"line":9,"column":1}}}},"branchMap":{},"s":{"0":1,"1":1,"2":18,"3":1},"f":{"0":18},"b":{}}
,"D:\\frontend\\modsen\\modsen-art-museum\\src\\components\\UI\\DropDown\\DropDown.tsx": {"path":"D:\\frontend\\modsen\\modsen-art-museum\\src\\components\\UI\\DropDown\\DropDown.tsx","statementMap":{"0":{"start":{"line":1,"column":0},"end":{"line":1,"column":42}},"1":{"start":{"line":2,"column":0},"end":{"line":2,"column":24}},"2":{"start":{"line":3,"column":0},"end":{"line":3,"column":52}},"3":{"start":{"line":11,"column":42},"end":{"line":42,"column":1}},"4":{"start":{"line":12,"column":36},"end":{"line":12,"column":71}},"5":{"start":{"line":13,"column":44},"end":{"line":13,"column":59}},"6":{"start":{"line":15,"column":32},"end":{"line":17,"column":5}},"7":{"start":{"line":16,"column":8},"end":{"line":16,"column":39}},"8":{"start":{"line":19,"column":24},"end":{"line":23,"column":5}},"9":{"start":{"line":20,"column":8},"end":{"line":20,"column":30}},"10":{"start":{"line":21,"column":8},"end":{"line":21,"column":27}},"11":{"start":{"line":22,"column":8},"end":{"line":22,"column":35}},"12":{"start":{"line":25,"column":4},"end":{"line":41,"column":6}},"13":{"start":{"line":31,"column":24},"end":{"line":32,"column":null}},"14":{"start":{"line":33,"column":43},"end":{"line":33,"column":83}},"15":{"start":{"line":44,"column":0},"end":{"line":44,"column":24}}},"fnMap":{"0":{"name":"(anonymous_0)","decl":{"start":{"line":11,"column":42},"end":{"line":11,"column":43}},"loc":{"start":{"line":11,"column":65},"end":{"line":42,"column":1}}},"1":{"name":"(anonymous_1)","decl":{"start":{"line":15,"column":32},"end":{"line":15,"column":35}},"loc":{"start":{"line":15,"column":37},"end":{"line":17,"column":5}}},"2":{"name":"(anonymous_2)","decl":{"start":{"line":19,"column":24},"end":{"line":19,"column":25}},"loc":{"start":{"line":19,"column":58},"end":{"line":23,"column":5}}},"3":{"name":"(anonymous_3)","decl":{"start":{"line":30,"column":33},"end":{"line":30,"column":39}},"loc":{"start":{"line":31,"column":24},"end":{"line":32,"column":null}}},"4":{"name":"(anonymous_4)","decl":{"start":{"line":33,"column":37},"end":{"line":33,"column":40}},"loc":{"start":{"line":33,"column":43},"end":{"line":33,"column":83}}}},"branchMap":{"0":{"loc":{"start":{"line":28,"column":13},"end":{"line":38,"column":null}},"type":"binary-expr","locations":[{"start":{"line":28,"column":13},"end":{"line":28,"column":25}},{"start":{"line":29,"column":16},"end":{"line":37,"column":null}}]}},"s":{"0":2,"1":2,"2":2,"3":2,"4":5,"5":5,"6":5,"7":2,"8":5,"9":1,"10":1,"11":1,"12":5,"13":4,"14":1,"15":2},"f":{"0":5,"1":2,"2":1,"3":4,"4":1},"b":{"0":[5,1]}}
,"D:\\frontend\\modsen\\modsen-art-museum\\src\\components\\UI\\Pagination\\Pagination.tsx": {"path":"D:\\frontend\\modsen\\modsen-art-museum\\src\\components\\UI\\Pagination\\Pagination.tsx","statementMap":{"0":{"start":{"line":1,"column":0},"end":{"line":1,"column":27}},"1":{"start":{"line":2,"column":0},"end":{"line":2,"column":52}},"2":{"start":{"line":3,"column":0},"end":{"line":3,"column":42}},"3":{"start":{"line":4,"column":0},"end":{"line":4,"column":48}},"4":{"start":{"line":5,"column":0},"end":{"line":5,"column":50}},"5":{"start":{"line":8,"column":29},"end":{"line":69,"column":1}},"6":{"start":{"line":9,"column":58},"end":{"line":10,"column":null}},"7":{"start":{"line":12,"column":41},"end":{"line":12,"column":56}},"8":{"start":{"line":14,"column":29},"end":{"line":16,"column":2}},"9":{"start":{"line":15,"column":2},"end":{"line":15,"column":33}},"10":{"start":{"line":18,"column":1},"end":{"line":68,"column":3}},"11":{"start":{"line":28,"column":8},"end":{"line":28,"column":38}},"12":{"start":{"line":29,"column":8},"end":{"line":29,"column":31}},"13":{"start":{"line":30,"column":8},"end":{"line":30,"column":27}},"14":{"start":{"line":44,"column":7},"end":{"line":44,"column":25}},"15":{"start":{"line":45,"column":7},"end":{"line":45,"column":26}},"16":{"start":{"line":60,"column":6},"end":{"line":60,"column":24}},"17":{"start":{"line":61,"column":6},"end":{"line":61,"column":25}},"18":{"start":{"line":71,"column":0},"end":{"line":71,"column":26}}},"fnMap":{"0":{"name":"(anonymous_1)","decl":{"start":{"line":8,"column":29},"end":{"line":8,"column":32}},"loc":{"start":{"line":8,"column":34},"end":{"line":69,"column":1}}},"1":{"name":"(anonymous_2)","decl":{"start":{"line":14,"column":29},"end":{"line":14,"column":32}},"loc":{"start":{"line":14,"column":34},"end":{"line":16,"column":2}}},"2":{"name":"(anonymous_3)","decl":{"start":{"line":27,"column":16},"end":{"line":27,"column":19}},"loc":{"start":{"line":27,"column":21},"end":{"line":31,"column":8}}},"3":{"name":"(anonymous_4)","decl":{"start":{"line":43,"column":15},"end":{"line":43,"column":18}},"loc":{"start":{"line":43,"column":20},"end":{"line":46,"column":7}}},"4":{"name":"(anonymous_5)","decl":{"start":{"line":59,"column":14},"end":{"line":59,"column":17}},"loc":{"start":{"line":59,"column":19},"end":{"line":62,"column":6}}}},"branchMap":{"0":{"loc":{"start":{"line":22,"column":18},"end":{"line":22,"column":37}},"type":"cond-expr","locations":[{"start":{"line":22,"column":32},"end":{"line":22,"column":33}},{"start":{"line":22,"column":36},"end":{"line":22,"column":37}}]},"1":{"loc":{"start":{"line":24,"column":5},"end":{"line":35,"column":null}},"type":"binary-expr","locations":[{"start":{"line":24,"column":5},"end":{"line":24,"column":17}},{"start":{"line":25,"column":5},"end":{"line":34,"column":null}}]},"2":{"loc":{"start":{"line":28,"column":17},"end":{"line":28,"column":36}},"type":"cond-expr","locations":[{"start":{"line":28,"column":31},"end":{"line":28,"column":32}},{"start":{"line":28,"column":35},"end":{"line":28,"column":36}}]},"3":{"loc":{"start":{"line":33,"column":20},"end":{"line":33,"column":39}},"type":"cond-expr","locations":[{"start":{"line":33,"column":34},"end":{"line":33,"column":35}},{"start":{"line":33,"column":38},"end":{"line":33,"column":39}}]},"4":{"loc":{"start":{"line":40,"column":5},"end":{"line":51,"column":null}},"type":"cond-expr","locations":[{"start":{"line":41,"column":5},"end":{"line":48,"column":null}},{"start":{"line":51,"column":5},"end":{"line":51,"column":10}}]}},"s":{"0":1,"1":1,"2":1,"3":1,"4":1,"5":1,"6":1,"7":1,"8":1,"9":0,"10":1,"11":0,"12":0,"13":0,"14":0,"15":0,"16":0,"17":0,"18":1},"f":{"0":1,"1":0,"2":0,"3":0,"4":0},"b":{"0":[0,1],"1":[1,0],"2":[0,0],"3":[0,0],"4":[0,1]}}
,"D:\\frontend\\modsen\\modsen-art-museum\\src\\components\\UI\\SearchInput\\SearchInput.tsx": {"path":"D:\\frontend\\modsen\\modsen-art-museum\\src\\components\\UI\\SearchInput\\SearchInput.tsx","statementMap":{"0":{"start":{"line":1,"column":0},"end":{"line":1,"column":27}},"1":{"start":{"line":2,"column":0},"end":{"line":2,"column":63}},"2":{"start":{"line":3,"column":0},"end":{"line":3,"column":35}},"3":{"start":{"line":4,"column":0},"end":{"line":4,"column":41}},"4":{"start":{"line":6,"column":0},"end":{"line":6,"column":42}},"5":{"start":{"line":7,"column":0},"end":{"line":7,"column":24}},"6":{"start":{"line":8,"column":0},"end":{"line":8,"column":48}},"7":{"start":{"line":10,"column":30},"end":{"line":83,"column":1}},"8":{"start":{"line":11,"column":43},"end":{"line":11,"column":78}},"9":{"start":{"line":12,"column":31},"end":{"line":12,"column":46}},"10":{"start":{"line":13,"column":35},"end":{"line":13,"column":50}},"11":{"start":{"line":14,"column":37},"end":{"line":14,"column":49}},"12":{"start":{"line":16,"column":22},"end":{"line":18,"column":3}},"13":{"start":{"line":20,"column":18},"end":{"line":25,"column":2}},"14":{"start":{"line":21,"column":17},"end":{"line":21,"column":47}},"15":{"start":{"line":22,"column":2},"end":{"line":22,"column":32}},"16":{"start":{"line":22,"column":22},"end":{"line":22,"column":32}},"17":{"start":{"line":24,"column":2},"end":{"line":24,"column":44}},"18":{"start":{"line":27,"column":29},"end":{"line":27,"column":57}},"19":{"start":{"line":29,"column":1},"end":{"line":34,"column":27}},"20":{"start":{"line":30,"column":2},"end":{"line":33,"column":3}},"21":{"start":{"line":31,"column":3},"end":{"line":31,"column":24}},"22":{"start":{"line":32,"column":3},"end":{"line":32,"column":22}},"23":{"start":{"line":36,"column":16},"end":{"line":48,"column":3}},"24":{"start":{"line":42,"column":3},"end":{"line":46,"column":4}},"25":{"start":{"line":43,"column":4},"end":{"line":43,"column":27}},"26":{"start":{"line":44,"column":4},"end":{"line":44,"column":23}},"27":{"start":{"line":45,"column":4},"end":{"line":45,"column":31}},"28":{"start":{"line":50,"column":22},"end":{"line":57,"column":2}},"29":{"start":{"line":51,"column":2},"end":{"line":51,"column":25}},"30":{"start":{"line":52,"column":2},"end":{"line":56,"column":3}},"31":{"start":{"line":53,"column":3},"end":{"line":53,"column":20}},"32":{"start":{"line":55,"column":3},"end":{"line":55,"column":21}},"33":{"start":{"line":59,"column":22},"end":{"line":62,"column":2}},"34":{"start":{"line":60,"column":2},"end":{"line":60,"column":25}},"35":{"start":{"line":61,"column":2},"end":{"line":61,"column":32}},"36":{"start":{"line":64,"column":1},"end":{"line":82,"column":3}},"37":{"start":{"line":85,"column":0},"end":{"line":85,"column":27}}},"fnMap":{"0":{"name":"(anonymous_1)","decl":{"start":{"line":10,"column":30},"end":{"line":10,"column":33}},"loc":{"start":{"line":10,"column":35},"end":{"line":83,"column":1}}},"1":{"name":"(anonymous_2)","decl":{"start":{"line":20,"column":18},"end":{"line":20,"column":19}},"loc":{"start":{"line":20,"column":48},"end":{"line":25,"column":2}}},"2":{"name":"(anonymous_3)","decl":{"start":{"line":29,"column":11},"end":{"line":29,"column":14}},"loc":{"start":{"line":29,"column":16},"end":{"line":34,"column":2}}},"3":{"name":"(anonymous_4)","decl":{"start":{"line":41,"column":12},"end":{"line":41,"column":13}},"loc":{"start":{"line":41,"column":23},"end":{"line":47,"column":3}}},"4":{"name":"(anonymous_5)","decl":{"start":{"line":50,"column":22},"end":{"line":50,"column":23}},"loc":{"start":{"line":50,"column":62},"end":{"line":57,"column":2}}},"5":{"name":"(anonymous_6)","decl":{"start":{"line":59,"column":22},"end":{"line":59,"column":23}},"loc":{"start":{"line":59,"column":65},"end":{"line":62,"column":2}}}},"branchMap":{"0":{"loc":{"start":{"line":22,"column":2},"end":{"line":22,"column":32}},"type":"if","locations":[{"start":{"line":22,"column":2},"end":{"line":22,"column":32}}]},"1":{"loc":{"start":{"line":30,"column":2},"end":{"line":33,"column":3}},"type":"if","locations":[{"start":{"line":30,"column":2},"end":{"line":33,"column":3}}]},"2":{"loc":{"start":{"line":30,"column":6},"end":{"line":30,"column":53}},"type":"binary-expr","locations":[{"start":{"line":30,"column":6},"end":{"line":30,"column":25}},{"start":{"line":30,"column":29},"end":{"line":30,"column":53}}]},"3":{"loc":{"start":{"line":42,"column":3},"end":{"line":46,"column":4}},"type":"if","locations":[{"start":{"line":42,"column":3},"end":{"line":46,"column":4}}]},"4":{"loc":{"start":{"line":52,"column":2},"end":{"line":56,"column":3}},"type":"if","locations":[{"start":{"line":52,"column":2},"end":{"line":56,"column":3}},{"start":{"line":54,"column":9},"end":{"line":56,"column":3}}]},"5":{"loc":{"start":{"line":52,"column":6},"end":{"line":52,"column":49}},"type":"binary-expr","locations":[{"start":{"line":52,"column":6},"end":{"line":52,"column":26}},{"start":{"line":52,"column":30},"end":{"line":52,"column":49}}]},"6":{"loc":{"start":{"line":70,"column":5},"end":{"line":72,"column":37}},"type":"cond-expr","locations":[{"start":{"line":71,"column":8},"end":{"line":71,"column":38}},{"start":{"line":72,"column":8},"end":{"line":72,"column":37}}]}},"s":{"0":1,"1":1,"2":1,"3":1,"4":1,"5":1,"6":1,"7":1,"8":1,"9":1,"10":1,"11":1,"12":1,"13":1,"14":0,"15":0,"16":0,"17":0,"18":1,"19":1,"20":1,"21":0,"22":0,"23":1,"24":0,"25":0,"26":0,"27":0,"28":1,"29":0,"30":0,"31":0,"32":0,"33":1,"34":0,"35":0,"36":1,"37":1},"f":{"0":1,"1":0,"2":1,"3":0,"4":0,"5":0},"b":{"0":[0],"1":[0],"2":[1,0],"3":[0],"4":[0,0],"5":[0,0],"6":[0,1]}}
,"D:\\frontend\\modsen\\modsen-art-museum\\src\\pages\\DetailInfo\\DetailInfo.tsx": {"path":"D:\\frontend\\modsen\\modsen-art-museum\\src\\pages\\DetailInfo\\DetailInfo.tsx","statementMap":{"0":{"start":{"line":2,"column":0},"end":{"line":2,"column":27}},"1":{"start":{"line":3,"column":0},"end":{"line":3,"column":51}},"2":{"start":{"line":4,"column":0},"end":{"line":4,"column":47}},"3":{"start":{"line":5,"column":0},"end":{"line":5,"column":75}},"4":{"start":{"line":7,"column":29},"end":{"line":74,"column":1}},"5":{"start":{"line":8,"column":18},"end":{"line":8,"column":31}},"6":{"start":{"line":9,"column":37},"end":{"line":9,"column":64}},"7":{"start":{"line":11,"column":1},"end":{"line":18,"column":16}},"8":{"start":{"line":12,"column":28},"end":{"line":12,"column":64}},"9":{"start":{"line":13,"column":2},"end":{"line":17,"column":3}},"10":{"start":{"line":14,"column":3},"end":{"line":14,"column":48}},"11":{"start":{"line":16,"column":3},"end":{"line":16,"column":17}},"12":{"start":{"line":29,"column":5},"end":{"line":29,"column":21}},"13":{"start":{"line":30,"column":1},"end":{"line":30,"column":31}},"14":{"start":{"line":32,"column":1},"end":{"line":73,"column":3}},"15":{"start":{"line":76,"column":0},"end":{"line":76,"column":26}}},"fnMap":{"0":{"name":"(anonymous_1)","decl":{"start":{"line":7,"column":29},"end":{"line":7,"column":32}},"loc":{"start":{"line":7,"column":34},"end":{"line":74,"column":1}}},"1":{"name":"(anonymous_2)","decl":{"start":{"line":11,"column":11},"end":{"line":11,"column":14}},"loc":{"start":{"line":11,"column":16},"end":{"line":18,"column":2}}}},"branchMap":{"0":{"loc":{"start":{"line":13,"column":2},"end":{"line":17,"column":3}},"type":"if","locations":[{"start":{"line":13,"column":2},"end":{"line":17,"column":3}},{"start":{"line":15,"column":9},"end":{"line":17,"column":3}}]},"1":{"loc":{"start":{"line":29,"column":5},"end":{"line":29,"column":21}},"type":"binary-expr","locations":[{"start":{"line":29,"column":5},"end":{"line":29,"column":15}},{"start":{"line":29,"column":19},"end":{"line":29,"column":21}}]},"2":{"loc":{"start":{"line":41,"column":6},"end":{"line":41,"column":72}},"type":"cond-expr","locations":[{"start":{"line":41,"column":28},"end":{"line":41,"column":64}},{"start":{"line":41,"column":67},"end":{"line":41,"column":72}}]},"3":{"loc":{"start":{"line":68,"column":10},"end":{"line":68,"column":52}},"type":"cond-expr","locations":[{"start":{"line":68,"column":29},"end":{"line":68,"column":37}},{"start":{"line":68,"column":40},"end":{"line":68,"column":52}}]}},"s":{"0":1,"1":1,"2":1,"3":1,"4":1,"5":3,"6":3,"7":3,"8":2,"9":2,"10":1,"11":1,"12":3,"13":3,"14":3,"15":1},"f":{"0":3,"1":2},"b":{"0":[1,1],"1":[3,2],"2":[1,2],"3":[1,2]}}
,"D:\\frontend\\modsen\\modsen-art-museum\\src\\pages\\Favorites\\Favorites.tsx": {"path":"D:\\frontend\\modsen\\modsen-art-museum\\src\\pages\\Favorites\\Favorites.tsx","statementMap":{"0":{"start":{"line":2,"column":0},"end":{"line":2,"column":26}},"1":{"start":{"line":3,"column":0},"end":{"line":3,"column":51}},"2":{"start":{"line":4,"column":0},"end":{"line":4,"column":53}},"3":{"start":{"line":5,"column":0},"end":{"line":5,"column":60}},"4":{"start":{"line":7,"column":28},"end":{"line":51,"column":1}},"5":{"start":{"line":8,"column":35},"end":{"line":8,"column":55}},"6":{"start":{"line":10,"column":1},"end":{"line":13,"column":11}},"7":{"start":{"line":11,"column":37},"end":{"line":11,"column":92}},"8":{"start":{"line":12,"column":8},"end":{"line":12,"column":43}},"9":{"start":{"line":15,"column":25},"end":{"line":18,"column":5}},"10":{"start":{"line":16,"column":33},"end":{"line":16,"column":88}},"11":{"start":{"line":17,"column":8},"end":{"line":17,"column":39}},"12":{"start":{"line":19,"column":1},"end":{"line":50,"column":3}},"13":{"start":{"line":40,"column":7},"end":{"line":40,"column":44}},"14":{"start":{"line":53,"column":0},"end":{"line":53,"column":25}}},"fnMap":{"0":{"name":"(anonymous_1)","decl":{"start":{"line":7,"column":28},"end":{"line":7,"column":31}},"loc":{"start":{"line":7,"column":33},"end":{"line":51,"column":1}}},"1":{"name":"(anonymous_2)","decl":{"start":{"line":10,"column":11},"end":{"line":10,"column":14}},"loc":{"start":{"line":10,"column":16},"end":{"line":13,"column":5}}},"2":{"name":"(anonymous_3)","decl":{"start":{"line":15,"column":25},"end":{"line":15,"column":28}},"loc":{"start":{"line":15,"column":30},"end":{"line":18,"column":5}}},"3":{"name":"(anonymous_4)","decl":{"start":{"line":39,"column":20},"end":{"line":39,"column":21}},"loc":{"start":{"line":40,"column":7},"end":{"line":40,"column":44}}}},"branchMap":{"0":{"loc":{"start":{"line":11,"column":48},"end":{"line":11,"column":91}},"type":"binary-expr","locations":[{"start":{"line":11,"column":48},"end":{"line":11,"column":83}},{"start":{"line":11,"column":87},"end":{"line":11,"column":91}}]},"1":{"loc":{"start":{"line":16,"column":44},"end":{"line":16,"column":87}},"type":"binary-expr","locations":[{"start":{"line":16,"column":44},"end":{"line":16,"column":79}},{"start":{"line":16,"column":83},"end":{"line":16,"column":87}}]},"2":{"loc":{"start":{"line":36,"column":5},"end":{"line":45,"column":48}},"type":"cond-expr","locations":[{"start":{"line":37,"column":5},"end":{"line":41,"column":null}},{"start":{"line":45,"column":4},"end":{"line":45,"column":48}}]}},"s":{"0":1,"1":1,"2":1,"3":1,"4":1,"5":7,"6":7,"7":3,"8":3,"9":7,"10":1,"11":1,"12":7,"13":3,"14":1},"f":{"0":7,"1":3,"2":1,"3":3},"b":{"0":[3,1],"1":[1,0],"2":[3,4]}}
,"D:\\frontend\\modsen\\modsen-art-museum\\src\\store\\Context.ts": {"path":"D:\\frontend\\modsen\\modsen-art-museum\\src\\store\\Context.ts","statementMap":{"0":{"start":{"line":1,"column":0},"end":{"line":1,"column":50}},"1":{"start":{"line":4,"column":16},"end":{"line":4,"column":66}},"2":{"start":{"line":14,"column":9},"end":{"line":14,"column":16}},"3":{"start":{"line":6,"column":27},"end":{"line":12,"column":1}},"4":{"start":{"line":7,"column":20},"end":{"line":7,"column":39}},"5":{"start":{"line":8,"column":4},"end":{"line":10,"column":5}},"6":{"start":{"line":9,"column":8},"end":{"line":9,"column":84}},"7":{"start":{"line":11,"column":4},"end":{"line":11,"column":19}},"8":{"start":{"line":14,"column":18},"end":{"line":14,"column":36}}},"fnMap":{"0":{"name":"(anonymous_0)","decl":{"start":{"line":6,"column":27},"end":{"line":6,"column":30}},"loc":{"start":{"line":6,"column":32},"end":{"line":12,"column":1}}}},"branchMap":{"0":{"loc":{"start":{"line":8,"column":4},"end":{"line":10,"column":5}},"type":"if","locations":[{"start":{"line":8,"column":4},"end":{"line":10,"column":5}}]}},"s":{"0":3,"1":3,"2":3,"3":3,"4":0,"5":0,"6":0,"7":0,"8":3},"f":{"0":0},"b":{"0":[0]}}
,"D:\\frontend\\modsen\\modsen-art-museum\\src\\utils\\functions.ts": {"path":"D:\\frontend\\modsen\\modsen-art-museum\\src\\utils\\functions.ts","statementMap":{"0":{"start":{"line":11,"column":0},"end":{"line":11,"column":16}},"1":{"start":{"line":2,"column":0},"end":{"line":2,"column":44}},"2":{"start":{"line":4,"column":25},"end":{"line":9,"column":1}},"3":{"start":{"line":5,"column":1},"end":{"line":8,"column":2}},"4":{"start":{"line":5,"column":25},"end":{"line":5,"column":47}},"5":{"start":{"line":6,"column":2},"end":{"line":6,"column":20}},"6":{"start":{"line":7,"column":2},"end":{"line":7,"column":59}},"7":{"start":{"line":4,"column":13},"end":{"line":4,"column":25}},"8":{"start":{"line":12,"column":48},"end":{"line":12,"column":63}},"9":{"start":{"line":14,"column":4},"end":{"line":22,"column":23}},"10":{"start":{"line":15,"column":22},"end":{"line":17,"column":17}},"11":{"start":{"line":16,"column":12},"end":{"line":16,"column":37}},"12":{"start":{"line":19,"column":8},"end":{"line":21,"column":10}},"13":{"start":{"line":20,"column":12},"end":{"line":20,"column":32}},"14":{"start":{"line":24,"column":4},"end":{"line":24,"column":26}}},"fnMap":{"0":{"name":"(anonymous_0)","decl":{"start":{"line":4,"column":25},"end":{"line":4,"column":26}},"loc":{"start":{"line":4,"column":56},"end":{"line":9,"column":1}}},"1":{"name":"(anonymous_1)","decl":{"start":{"line":5,"column":15},"end":{"line":5,"column":16}},"loc":{"start":{"line":5,"column":25},"end":{"line":5,"column":47}}},"2":{"name":"useDebounce","decl":{"start":{"line":11,"column":16},"end":{"line":11,"column":27}},"loc":{"start":{"line":11,"column":56},"end":{"line":25,"column":1}}},"3":{"name":"(anonymous_3)","decl":{"start":{"line":14,"column":14},"end":{"line":14,"column":17}},"loc":{"start":{"line":14,"column":19},"end":{"line":22,"column":5}}},"4":{"name":"(anonymous_4)","decl":{"start":{"line":15,"column":33},"end":{"line":15,"column":36}},"loc":{"start":{"line":15,"column":38},"end":{"line":17,"column":9}}},"5":{"name":"(anonymous_5)","decl":{"start":{"line":19,"column":15},"end":{"line":19,"column":18}},"loc":{"start":{"line":19,"column":20},"end":{"line":21,"column":9}}}},"branchMap":{"0":{"loc":{"start":{"line":5,"column":1},"end":{"line":8,"column":2}},"type":"if","locations":[{"start":{"line":5,"column":1},"end":{"line":8,"column":2}}]}},"s":{"0":5,"1":5,"2":5,"3":1,"4":0,"5":1,"6":1,"7":5,"8":1,"9":1,"10":1,"11":0,"12":1,"13":1,"14":1},"f":{"0":1,"1":0,"2":1,"3":1,"4":0,"5":1},"b":{"0":[1]}}
,"D:\\frontend\\modsen\\modsen-art-museum\\src\\utils\\http\\fetchRequests.ts": {"path":"D:\\frontend\\modsen\\modsen-art-museum\\src\\utils\\http\\fetchRequests.ts","statementMap":{"0":{"start":{"line":7,"column":0},"end":{"line":7,"column":7}},"1":{"start":{"line":14,"column":1},"end":{"line":43,"column":2}},"2":{"start":{"line":16,"column":12},"end":{"line":16,"column":132}},"3":{"start":{"line":18,"column":2},"end":{"line":20,"column":3}},"4":{"start":{"line":19,"column":3},"end":{"line":19,"column":null}},"5":{"start":{"line":21,"column":2},"end":{"line":21,"column":null}},"6":{"start":{"line":22,"column":25},"end":{"line":23,"column":null}},"7":{"start":{"line":25,"column":2},"end":{"line":27,"column":3}},"8":{"start":{"line":26,"column":3},"end":{"line":26,"column":72}},"9":{"start":{"line":28,"column":21},"end":{"line":28,"column":48}},"10":{"start":{"line":29,"column":31},"end":{"line":37,"column":null}},"11":{"start":{"line":31,"column":27},"end":{"line":31,"column":53}},"12":{"start":{"line":32,"column":4},"end":{"line":34,"column":5}},"13":{"start":{"line":33,"column":5},"end":{"line":33,"column":74}},"14":{"start":{"line":35,"column":23},"end":{"line":35,"column":50}},"15":{"start":{"line":36,"column":4},"end":{"line":36,"column":41}},"16":{"start":{"line":39,"column":2},"end":{"line":39,"column":22}},"17":{"start":{"line":41,"column":2},"end":{"line":41,"column":48}},"18":{"start":{"line":42,"column":2},"end":{"line":42,"column":12}},"19":{"start":{"line":46,"column":21},"end":{"line":72,"column":1}},"20":{"start":{"line":58,"column":5},"end":{"line":58,"column":9}},"21":{"start":{"line":60,"column":1},"end":{"line":71,"column":3}}},"fnMap":{"0":{"name":"fetchByPageLimitQuerySort","decl":{"start":{"line":7,"column":22},"end":{"line":7,"column":47}},"loc":{"start":{"line":12,"column":28},"end":{"line":44,"column":1}}},"1":{"name":"(anonymous_1)","decl":{"start":{"line":30,"column":23},"end":{"line":30,"column":28}},"loc":{"start":{"line":30,"column":50},"end":{"line":37,"column":4}}},"2":{"name":"(anonymous_2)","decl":{"start":{"line":46,"column":21},"end":{"line":46,"column":22}},"loc":{"start":{"line":46,"column":36},"end":{"line":72,"column":1}}}},"branchMap":{"0":{"loc":{"start":{"line":8,"column":1},"end":{"line":8,"column":9}},"type":"default-arg","locations":[{"start":{"line":8,"column":8},"end":{"line":8,"column":9}}]},"1":{"loc":{"start":{"line":9,"column":1},"end":{"line":9,"column":10}},"type":"default-arg","locations":[{"start":{"line":9,"column":9},"end":{"line":9,"column":10}}]},"2":{"loc":{"start":{"line":10,"column":1},"end":{"line":10,"column":11}},"type":"default-arg","locations":[{"start":{"line":10,"column":9},"end":{"line":10,"column":11}}]},"3":{"loc":{"start":{"line":11,"column":1},"end":{"line":11,"column":12}},"type":"default-arg","locations":[{"start":{"line":11,"column":8},"end":{"line":11,"column":12}}]},"4":{"loc":{"start":{"line":18,"column":2},"end":{"line":20,"column":3}},"type":"if","locations":[{"start":{"line":18,"column":2},"end":{"line":20,"column":3}}]},"5":{"loc":{"start":{"line":25,"column":2},"end":{"line":27,"column":3}},"type":"if","locations":[{"start":{"line":25,"column":2},"end":{"line":27,"column":3}}]},"6":{"loc":{"start":{"line":32,"column":4},"end":{"line":34,"column":5}},"type":"if","locations":[{"start":{"line":32,"column":4},"end":{"line":34,"column":5}}]}},"s":{"0":1,"1":0,"2":0,"3":0,"4":0,"5":0,"6":0,"7":0,"8":0,"9":0,"10":0,"11":0,"12":0,"13":0,"14":0,"15":0,"16":0,"17":0,"18":0,"19":1,"20":0,"21":0},"f":{"0":0,"1":0,"2":0},"b":{"0":[0],"1":[0],"2":[0],"3":[0],"4":[0],"5":[0],"6":[0]}}
}
