TN:
SF:src\components\Footer\Footer.tsx
FN:6,(anonymous_1)
FNF:1
FNH:1
FNDA:1,(anonymous_1)
DA:1,1
DA:3,1
DA:4,1
DA:6,1
DA:7,1
DA:22,1
LF:6
LH:6
BRF:0
BRH:0
end_of_record
TN:
SF:src\components\Gallery\Gallery.tsx
FN:10,(anonymous_1)
FN:21,(anonymous_2)
FN:30,(anonymous_3)
FNF:3
FNH:2
FNDA:2,(anonymous_1)
FNDA:0,(anonymous_2)
FNDA:2,(anonymous_3)
DA:1,1
DA:2,1
DA:3,1
DA:4,1
DA:5,1
DA:6,1
DA:10,1
DA:11,2
DA:13,2
DA:22,0
DA:31,2
DA:41,1
LF:12
LH:11
BRDA:19,0,0,0
BRDA:19,0,1,2
BRDA:25,1,0,1
BRDA:25,1,1,1
BRDA:25,2,0,2
BRDA:25,2,1,2
BRF:6
BRH:5
end_of_record
TN:
SF:src\components\Header\Header.tsx
FN:8,(anonymous_1)
FNF:1
FNH:1
FNDA:3,(anonymous_1)
DA:1,1
DA:3,1
DA:4,1
DA:5,1
DA:6,1
DA:8,1
DA:9,3
DA:11,3
DA:45,1
LF:9
LH:9
BRDA:21,0,0,2
BRDA:21,0,1,1
BRF:2
BRH:2
end_of_record
TN:
SF:src\components\OtherWorks\OtherWorks.tsx
FN:8,(anonymous_1)
FN:12,(anonymous_2)
FN:13,(anonymous_3)
FN:35,(anonymous_4)
FN:41,(anonymous_5)
FNF:5
FNH:4
FNDA:3,(anonymous_1)
FNDA:2,(anonymous_2)
FNDA:2,(anonymous_3)
FNDA:18,(anonymous_4)
FNDA:0,(anonymous_5)
DA:1,1
DA:2,1
DA:3,1
DA:4,1
DA:5,1
DA:8,1
DA:9,3
DA:10,2
DA:12,2
DA:13,2
DA:14,2
DA:15,2
DA:16,1
DA:17,1
DA:18,1
DA:21,1
DA:24,2
DA:27,2
DA:36,18
DA:42,0
DA:50,1
LF:21
LH:20
BRDA:16,0,0,1
BRDA:33,1,0,2
BRDA:33,1,1,0
BRDA:41,2,0,0
BRDA:41,2,1,0
BRF:5
BRH:2
end_of_record
TN:
SF:src\components\SearchSection\SearchSection.tsx
FN:6,(anonymous_1)
FNF:1
FNH:1
FNDA:1,(anonymous_1)
DA:1,1
DA:3,1
DA:4,1
DA:6,1
DA:7,1
DA:12,1
DA:17,1
DA:33,1
LF:8
LH:8
BRF:0
BRH:0
end_of_record
TN:
SF:src\components\UI\ButtonFavorite\ButtonFavorite.tsx
FN:12,(anonymous_1)
FN:15,(anonymous_2)
FN:17,(anonymous_3)
FN:20,(anonymous_4)
FN:24,(anonymous_5)
FNF:5
FNH:5
FNDA:9,(anonymous_1)
FNDA:5,(anonymous_2)
FNDA:1,(anonymous_3)
FNDA:2,(anonymous_4)
FNDA:1,(anonymous_5)
DA:1,4
DA:2,4
DA:3,4
DA:5,4
DA:12,4
DA:13,9
DA:15,9
DA:16,5
DA:17,5
DA:20,9
DA:21,2
DA:22,2
DA:23,2
DA:24,1
DA:26,1
DA:28,2
DA:29,2
DA:30,2
DA:31,2
DA:35,9
DA:45,4
LF:21
LH:21
BRDA:16,0,0,5
BRDA:16,0,1,4
BRDA:22,1,0,2
BRDA:22,1,1,1
BRDA:23,2,0,1
BRDA:23,2,1,1
BRDA:30,3,0,2
BRDA:37,4,0,3
BRDA:37,4,1,6
BRF:9
BRH:9
end_of_record
TN:
SF:src\components\UI\CardBig\CardBig.tsx
FN:11,(anonymous_1)
FN:16,(anonymous_2)
FNF:2
FNH:1
FNDA:2,(anonymous_1)
FNDA:0,(anonymous_2)
DA:1,1
DA:3,1
DA:5,1
DA:11,1
DA:12,2
DA:13,2
DA:15,2
DA:17,0
DA:18,0
DA:37,1
LF:10
LH:8
BRDA:28,0,0,0
BRDA:28,0,1,2
BRDA:29,1,0,2
BRDA:29,1,1,0
BRF:4
BRH:2
end_of_record
TN:
SF:src\components\UI\CardBig\CardBigLoader.tsx
FN:4,(anonymous_0)
FNF:1
FNH:0
FNDA:0,(anonymous_0)
DA:1,1
DA:4,1
DA:5,0
DA:12,1
LF:4
LH:3
BRF:0
BRH:0
end_of_record
TN:
SF:src\components\UI\CardSmall\CardSmall.tsx
FN:12,(anonymous_1)
FN:19,(anonymous_2)
FNF:2
FNH:0
FNDA:0,(anonymous_1)
FNDA:0,(anonymous_2)
DA:1,1
DA:3,1
DA:5,1
DA:12,1
DA:13,0
DA:14,0
DA:16,0
DA:20,0
DA:21,0
DA:45,1
LF:10
LH:5
BRDA:33,0,0,0
BRDA:33,0,1,0
BRDA:36,1,0,0
BRDA:36,1,1,0
BRF:4
BRH:0
end_of_record
TN:
SF:src\components\UI\CardSmall\CardSmallLoader.tsx
FN:4,(anonymous_0)
FNF:1
FNH:1
FNDA:18,(anonymous_0)
DA:1,1
DA:4,1
DA:5,18
DA:11,1
LF:4
LH:4
BRF:0
BRH:0
end_of_record
TN:
SF:src\components\UI\DropDown\DropDown.tsx
FN:11,(anonymous_0)
FN:15,(anonymous_1)
FN:19,(anonymous_2)
FN:30,(anonymous_3)
FN:33,(anonymous_4)
FNF:5
FNH:5
FNDA:5,(anonymous_0)
FNDA:2,(anonymous_1)
FNDA:1,(anonymous_2)
FNDA:4,(anonymous_3)
FNDA:1,(anonymous_4)
DA:1,2
DA:2,2
DA:3,2
DA:11,2
DA:12,5
DA:13,5
DA:15,5
DA:16,2
DA:19,5
DA:20,1
DA:21,1
DA:22,1
DA:25,5
DA:31,4
DA:33,1
DA:44,2
LF:16
LH:16
BRDA:28,0,0,5
BRDA:28,0,1,1
BRF:2
BRH:2
end_of_record
TN:
SF:src\components\UI\Pagination\Pagination.tsx
FN:8,(anonymous_1)
FN:14,(anonymous_2)
FN:27,(anonymous_3)
FN:43,(anonymous_4)
FN:59,(anonymous_5)
FNF:5
FNH:1
FNDA:1,(anonymous_1)
FNDA:0,(anonymous_2)
FNDA:0,(anonymous_3)
FNDA:0,(anonymous_4)
FNDA:0,(anonymous_5)
DA:1,1
DA:2,1
DA:3,1
DA:4,1
DA:5,1
DA:8,1
DA:9,1
DA:12,1
DA:14,1
DA:15,0
DA:18,1
DA:28,0
DA:29,0
DA:30,0
DA:44,0
DA:45,0
DA:60,0
DA:61,0
DA:71,1
LF:19
LH:11
BRDA:22,0,0,0
BRDA:22,0,1,1
BRDA:24,1,0,1
BRDA:24,1,1,0
BRDA:28,2,0,0
BRDA:28,2,1,0
BRDA:33,3,0,0
BRDA:33,3,1,0
BRDA:40,4,0,0
BRDA:40,4,1,1
BRF:10
BRH:3
end_of_record
TN:
SF:src\components\UI\SearchInput\SearchInput.tsx
FN:10,(anonymous_1)
FN:20,(anonymous_2)
FN:29,(anonymous_3)
FN:41,(anonymous_4)
FN:50,(anonymous_5)
FN:59,(anonymous_6)
FNF:6
FNH:2
FNDA:1,(anonymous_1)
FNDA:0,(anonymous_2)
FNDA:1,(anonymous_3)
FNDA:0,(anonymous_4)
FNDA:0,(anonymous_5)
FNDA:0,(anonymous_6)
DA:1,1
DA:2,1
DA:3,1
DA:4,1
DA:6,1
DA:7,1
DA:8,1
DA:10,1
DA:11,1
DA:12,1
DA:13,1
DA:14,1
DA:16,1
DA:20,1
DA:21,0
DA:22,0
DA:24,0
DA:27,1
DA:29,1
DA:30,1
DA:31,0
DA:32,0
DA:36,1
DA:42,0
DA:43,0
DA:44,0
DA:45,0
DA:50,1
DA:51,0
DA:52,0
DA:53,0
DA:55,0
DA:59,1
DA:60,0
DA:61,0
DA:64,1
DA:85,1
LF:37
LH:22
BRDA:22,0,0,0
BRDA:30,1,0,0
BRDA:30,2,0,1
BRDA:30,2,1,0
BRDA:42,3,0,0
BRDA:52,4,0,0
BRDA:52,4,1,0
BRDA:52,5,0,0
BRDA:52,5,1,0
BRDA:70,6,0,0
BRDA:70,6,1,1
BRF:11
BRH:2
end_of_record
TN:
SF:src\pages\DetailInfo\DetailInfo.tsx
FN:7,(anonymous_1)
FN:11,(anonymous_2)
FNF:2
FNH:2
FNDA:3,(anonymous_1)
FNDA:2,(anonymous_2)
DA:2,1
DA:3,1
DA:4,1
DA:5,1
DA:7,1
DA:8,3
DA:9,3
DA:11,3
DA:12,2
DA:13,2
DA:14,1
DA:16,1
DA:29,3
DA:30,3
DA:32,3
DA:76,1
LF:16
LH:16
BRDA:13,0,0,1
BRDA:13,0,1,1
BRDA:29,1,0,3
BRDA:29,1,1,2
BRDA:41,2,0,1
BRDA:41,2,1,2
BRDA:68,3,0,1
BRDA:68,3,1,2
BRF:8
BRH:8
end_of_record
TN:
SF:src\pages\Favorites\Favorites.tsx
FN:7,(anonymous_1)
FN:10,(anonymous_2)
FN:15,(anonymous_3)
FN:39,(anonymous_4)
FNF:4
FNH:4
FNDA:7,(anonymous_1)
FNDA:3,(anonymous_2)
FNDA:1,(anonymous_3)
FNDA:3,(anonymous_4)
DA:2,1
DA:3,1
DA:4,1
DA:5,1
DA:7,1
DA:8,7
DA:10,7
DA:11,3
DA:12,3
DA:15,7
DA:16,1
DA:17,1
DA:19,7
DA:40,3
DA:53,1
LF:15
LH:15
BRDA:11,0,0,3
BRDA:11,0,1,1
BRDA:16,1,0,1
BRDA:16,1,1,0
BRDA:36,2,0,3
BRDA:36,2,1,4
BRF:6
BRH:5
end_of_record
TN:
SF:src\store\Context.ts
FN:6,(anonymous_0)
FNF:1
FNH:0
FNDA:0,(anonymous_0)
DA:1,3
DA:4,3
DA:6,3
DA:7,0
DA:8,0
DA:9,0
DA:11,0
DA:14,3
LF:8
LH:4
BRDA:8,0,0,0
BRF:1
BRH:0
end_of_record
TN:
SF:src\utils\functions.ts
FN:4,(anonymous_0)
FN:5,(anonymous_1)
FN:11,useDebounce
FN:14,(anonymous_3)
FN:15,(anonymous_4)
FN:19,(anonymous_5)
FNF:6
FNH:4
FNDA:1,(anonymous_0)
FNDA:0,(anonymous_1)
FNDA:1,useDebounce
FNDA:1,(anonymous_3)
FNDA:0,(anonymous_4)
FNDA:1,(anonymous_5)
DA:2,5
DA:4,5
DA:5,1
DA:6,1
DA:7,1
DA:11,5
DA:12,1
DA:14,1
DA:15,1
DA:16,0
DA:19,1
DA:20,1
DA:24,1
LF:13
LH:12
BRDA:5,0,0,1
BRF:1
BRH:1
end_of_record
TN:
SF:src\utils\http\fetchRequests.ts
FN:7,fetchByPageLimitQuerySort
FN:30,(anonymous_1)
FN:46,(anonymous_2)
FNF:3
FNH:0
FNDA:0,fetchByPageLimitQuerySort
FNDA:0,(anonymous_1)
FNDA:0,(anonymous_2)
DA:7,1
DA:14,0
DA:16,0
DA:18,0
DA:19,0
DA:21,0
DA:22,0
DA:25,0
DA:26,0
DA:28,0
DA:29,0
DA:31,0
DA:32,0
DA:33,0
DA:35,0
DA:36,0
DA:39,0
DA:41,0
DA:42,0
DA:46,1
DA:58,0
DA:60,0
LF:22
LH:2
BRDA:8,0,0,0
BRDA:9,1,0,0
BRDA:10,2,0,0
BRDA:11,3,0,0
BRDA:18,4,0,0
BRDA:25,5,0,0
BRDA:32,6,0,0
BRF:7
BRH:0
end_of_record
